[    0.000000] Initializing cgroup subsys cpuset
[    0.000000] Initializing cgroup subsys cpu
[    0.000000] Initializing cgroup subsys cpuacct
[    0.000000] Linux version 4.4.0-148-generic (buildd@lgw01-amd64-031) (gcc version 5.4.0 20160609 (Ubuntu 5.4.0-6ubuntu1~16.04.10) ) #174-Ubuntu SMP Tue May 7 12:20:14 UTC 2019 (Ubuntu 4.4.0-148.174-generic 4.4.177)
[    0.000000] Command line: BOOT_IMAGE=/boot/vmlinuz-4.4.0-148-generic root=LABEL=cloudimg-rootfs ro console=tty1 console=ttyS0
[    0.000000] KERNEL supported cpus:
[    0.000000]   Intel GenuineIntel
[    0.000000]   AMD AuthenticAMD
[    0.000000]   Centaur CentaurHauls
[    0.000000] x86/fpu: Legacy x8 FPU detected.
[    0.000000] e820: BIOS-provided physical RAM map:
[    0.000000] BIOS-e820: [mem 0x0000000000000000-0x000000000009fbff] usable
[    0.000000] BIOS-e820: [mem 0x000000000009fc00-0x000000000009ffff] reserved
[    0.000000] BIOS-e820: [mem 0x00000000000f0000-0x00000000000fffff] reserved
[    0.000000] BIOS-e820: [mem 0x0000000000100000-0x000000003ffeffff] usable
[    0.000000] BIOS-e820: [mem 0x000000003fff0000-0x000000003fffffff] ACPI data
[    0.000000] BIOS-e820: [mem 0x00000000fec00000-0x00000000fec00fff] reserved
[    0.000000] BIOS-e820: [mem 0x00000000fee00000-0x00000000fe00fff] reserved
[    0.000000] BIOS-e820: [mem 0x00000000fffc0000-0x00000000ffffffff] reserved
[    0.000000] NX (Execute Disable) protection: active
[    0.000000] SMBIOS 2.5 present.
[    0.000000] Hypervisor detected: KVM
[    0.000000] Kernel/User page tables isolation: disabled
[    0.000000] AGP: No AGP bridge found
[    0.000000] e820: last_pfn = 0x3fff0 max_arch_pfn = 0x400000000
[    0.000000] MTRR: Disabled
[    0.000000] x86/PAT: MTRRs disabled, skipping PAT initialization too.
[    0.000000] CPU MTRRs all blank - virtualized system.
[    0.000000] x86/PAT: Configuration [0-7]: WB  WT  UC- UC  WB  WT  UC- UC  
[    0.000000] found SMP MP-table at [mem 0x0009fff0-0x0009ffff] mapped at [ffff88000009fff0]
[    0.000000] Scanning 1 areas for low memory corruption
[    0.000000] RAMDISK: [mem 0x362fa00-0x37174fff]
[    0.000000] ACPI: Early table checksum verification disabled
[    0.000000] ACPI: RSDP 0x00000000000E0000 000024 (v02 VBOX  )
[    0.000000] ACPI: XSDT 0x000000003FFF0030 00003C (v01 VBOX   VBOXXSDT 00000001 ASL  00000061)
[    0.000000] ACPI: FACP 0x000000003FFF00F0 0000F4 (v04 VBOX   VBOXFACP 00000001 ASL  00000061)
[    0.000000] ACPI: DSDT 0x000000003FFF0470 0021FF (v02 VBOX   VBOXBIOS 00000002 INTL 20160108)
[    0.000000] ACPI: FACS 0x00000003FF0200 000040
[    0.000000] ACPI: FACS 0x000000003FFF0200 000040
[    0.000000] ACPI: APIC 0x000000003FFF0240 00005C (v02 VBOX   VBOXAPIC 00000001 ASL  00000061)
[    0.000000] ACPI: SSDT 0x000000003FFF02A0 0001CC (v01 VBOX   VBOXCPUT 000000002 INTL 20160108)
[    0.000000] No NUMA configuration found
[    0.000000] Faking a node at [mem 0x0000000000000000-0x000000003ffeffff]
[    0.000000] NODE_DATA(0) allocated [mem 0x3ffeb000-0x3ffeffff]
[    0.000000] kvm-clock: Using msrs 4b564d01 and 4b564d00
[    0.000000] kvm-clock: cpu 0, msr 0:3ffe3001, primary cpu clock
[    0.000000] kvm-clock: using sched offset of 4072406170 cycles
[    0.000000] clocksource: kvm-clock: mask: 0xffffffffffffffff max_cycles: 0x1cd42e4dffb, max_idle_ns: 881590591483 ns
[    0.000000] Zone ranges:
[    0.000000]   DMA      [mem 0x0000000000001000-0x0000000000ffffff]
[    0.000000]   DMA32    [mem 0x0000000001000000-0x000000003ffeffff]
[    0.000000]   Normal   empty
[    0.000000]   Device   empty
[    0.000000] Movable zone start for each node
[    0.000000] Early memory node ranges
[    0.000000]   node   0: [mem 0x0000000000001000-0x000000000009efff]
[    0.000000]   node   0: [mem 0x0000000000100000-0x000000003ffeffff]
[    0.000000] Initmem setup node 0 [mem 0x0000000000001000-0x000000003ffeffff]
[    0.000000] ACPI: PM-Timer IO Port: 0x4008
[    0.000000] IOAPIC[0]: apic_id 2, version 32, address 0xfec00000, GSI 0-23
[    0.000000] ACPI: INT_SRC_OVR (bus 0 bus_irq 0 global_irq 2 dfl dfl)
[    0.000000] ACPI: INT_SRC_OVR (bus 0 bus_irq 9 global_irq 9 high level)
[    0.000000] Using ACPI (MADT) for SMP configuration information
[    0.000000] smpboot: Allowing 2 CPUs, 0 hotplug CPUs
[    0.000000] PM: Registered nosave memory: [mem 0x00000000-0x00000fff]
[    0.000000] PM: Registered nosave memory: [mem 0x0009f000-0x0009ffff]
[    0.000000] PM: Registered nosave memory: [mem 0x000a0000-0x000effff]
[    0.000000] PM: Registered nosave memory: [mem 0x000f0000-0x000fffff]
[    0.000000] e820: [mem 0x40000000-0xfebfffff] available for PCI devices
[    0.000000] Booting paravirtualized kernel on KVM
[    0.000000] clocksource: refined-jiffies: mask: 0xffffffff max_cycles: 0xffffffff, max_idle_ns: 7645519600211568 ns
[    0.000000] setup_percpu: NR_CPUS:512 nr_cpumask_bits:512 nr_cpu_ids:2 nr_node_ids:1
[    0.000000] PERCPU: Embedded 34 pages/cpu @ffff88003fc00000 s99480 r8192 d31592 u1048576
[    0.000000] Built 1 zonelists in Node order, mobility grouping on.  Total pages: 257912
[    0.000000] Policy zone: DMA32
[    0.000000] Kernel command line: BOOT_IMAGE=/boot/vmlinuz-4.4.0-148-generic root=LABEL=cloudimg-rootfs ro console=tty1 console=ttyS0
[    0.000000] PID hash table entries: 4096 (order: 3, 32768 bytes)
[    0.000000] AGP: Checking aperture...
[    0.000000] AGP: No AGP bridge found
[    0.000000] Memory: 997732K/1048120K available (8609K kernel code, 1334K rwdata, 4028K rodata, 1484K init, 1284K bss, 50388K reserved, 0K cma-reserved)
[    0.000000] SLUB: HWalign=64, Order=0-3, MinObjects=0, CPUs=2, Nodes=1
[    0.000000] Hierarchical RCU implementation.
[    0.000000] 	Build-time adjustment of leaf fanout to 64.
[    0.000000] 	RCU restricting CPUs from NR_CPUS=512 to nr_cpu_ids=2.
[    0.000000] RCU: Adjusting geometry for rcu_fanout_leaf=64, nr_cpu_ids=2
[    0.000000] NR_IRQS:33024 nr_irqs:440 16
[    0.000000] Console: colour VGA+ 80x25
[    0.000000] console [tty1] enabled
[    0.000000] console [ttyS0] enabled
[    0.000000] tsc: Detected 3114.164 MHz processor
[    0.000000] tsc: Marking TSC unstable due to TSCs unsynchronized
[    0.004000] Calibrating delay loop (skipped) preset value.. 6228.32 BogoMIPS (lpj=12456656)
[    0.004011] pid_max: default: 32768 minimum: 301
[    0.005162] ACPI: Core revision 20150930
[    0.008987] ACPI: 2 ACPI AML tables successfully acquired and loaded
[    0.013210] Security Framework initialized
[    0.014253] Yama: becoming mindful.
[    0.016025] AppArmor: AppArmor initialized
[    0.017157] Dentry cache hash table entries: 131072 (order: 8, 1048576 bytes)
[    0.019167] Inode-cache hash table entries: 65536 (order: 7, 524288 bytes)
[    0.021269] Mount-cache hash table entries: 2048 (order: 2, 16384 bytes)
[    0.024013] Mountpoint-cache hash table entries: 2048 (order: 2, 16384 bytes)
[    0.028229] Initializing cgroup subsys io
[    0.029428] Initializing cgroup subsys memory
[    0.030621] Initializing cgroup subsys devices
[    0.032060] Initializing cgroup subsys freezer
[    0.033259] Initializing cgroup subsys net_cls
[    0.036006] Initializing cgroup subsys perf_event
[    0.040028] Initializing cgroup subsys net_prio
[    0.044044] Initializing cgroup subsys hugetlb
[    0.048023] Initializing cgroup subsys pids
[    0.049178] Disabling Indirect Branch Predictor Support
[    0.050621] mce: CPU supports 0 MCE banks
[    0.052023] process: using AMD E400 aware idle routine
[    0.053316] Last level iTLB entries: 4KB 512, 2MB 16, 4MB 8
[    0.054662] Last level dTLB entries: 4KB 512, 2MB 128, 4MB 64, 1GB 0
[    0.056005] Spectre V2 : Spectre mitigation: LFENCE not serializing, switching to generic retpoline
[    0.060013] Spectre V2 : Mitigation: Full generic retpoline
[    0.064003] Spectre V2 : Spectre v2 / SpectreRSB mitigation: Filling RSB on context switch
[    0.068642] Freeing SMP alternatives memory: 36K
[    0.074378] ftrace: allocating 32293 entries in 127 pages
[    0.096169] smpboot: APIC(0) Converting physical 0 to logical package 0
[    0.100006] smpboot: Max logical packages: 1
[    0.104352] x2apic enabled
[    0.108007] Switched APIC routing to physical x2apic.
[    0.112693] ..TIMER: vector=0x30 apic1=0 pin1=2 apic2=-1 pin2=-1
[    0.120000] smpboot: CPU0: AMD Athlon(tm) II X2 255 Processor (family: 0x10, model: 0x6, stepping: 0x2)
[    0.125274] Performance Events: Broken PMU hardware detected, using software events only.
[    0.129530] Failed to access perfctr msr (MSR c0010007 is 0)
[    0.150764] KVM setup paravirtual spinlock
[    0.152367] x86: Booting SMP configuration:
[    0.153560] .... node  #0, CPUs:      #1
[    0.004000] kvm-clock: cpu 1, msr 0:3ffe3041, secondary cpu clock
[    0.004000] mce: CPU supports 0 MCE banks
[    0.248709] x86: Booted up 1 node, 2 CPUs
[    0.252003] smpboot: Total of 2 processors activated (12456.65 BogoMIPS)
[    0.256418] devtmpfs: initialized
[    0.362989] evm: security.selinux
[    0.472020] evm: security.SMACK64
[    0.576011] evm: security.SMACK64EXEC
[    0.712022] evm: security.SMACK64TRANSMUTE
[    0.840017] evm: security.SMACK64MMAP
[    0.968017] evm: security.ima
[    1.076012] evm: security.capability
[    1.204184] clocksource: jiffies: mask: 0xffffffff max_cycles: 0xffffffff, max_idle_ns: 7645041785100000 ns
[    1.208045] futex hash table entries: 512 (order: 3, 32768 bytes)
[    1.209950] pinctrl core: initialized pinctrl subsystem
[    1.212197] RTC time: 14:49:26, date: 05/22/19
[    1.216274] NET: Registered protocol family 16
[    1.228130] cpuidle: using governor ladder
[    1.244034] cpuidle: using governor menu
[    1.320024] PCCT header not found.
[    1.408328] ACPI: bus type PCI registered
[    1.432025] acpiphp: ACPI Hot Plug PCI Controller Driver version: 0.5
[    1.481103] PCI: Using configuration type 1 for base access
[    1.656016] PCI: Using configuration type 1 for extended access
[    1.884425] ACPI: Added _OSI(Module Device)
[    1.888016] ACPI: Added _OSI(Processor Device)
[    1.889815] ACPI: Added _OSI(3.0 _SCP Extensions)
[    1.892016] ACPI: Added _OSI(Processor Aggregator Device)
[    1.900644] ACPI: Executed 1 blocks of module-level executable AML code
[    1.904357] ACPI: Interpreter enabled
[    1.905364] ACPI: (supports S0 S5)
[    1.906293] ACPI: Using IOAPIC for interrupt routing
[    1.908160] PCI: Using host bridge windows from ACPI; if necessary, use "pci=nocrs" and report a bug
[    1.917429] ACPI: PCI Root Bridge [PCI0] (domain 0000 [bus 00-ff])
[    1.920015] acpi PNP0A03:00: _OSC: OS supports [ExtendedConfig ASPM ClockPM Segments MSI]
[    1.924054] acpi PNP0A03:00: _OSC: OS now controls [PCIeHotplug PME AER PCIeCapability]
[    1.928296] PCI host bridge to bus 0000:00
[    1.932006] pci_bus 0000:00: root bus resource [io  0x0000-0x0cf7 window]
[    1.933917] pci_bus 0000:00: root bus resource [io  0x0d00-0xffff window]
[    1.936008] pci_bus 0000:00: root bus resource [mem 0x000a0000-0x000bffff window]
[    1.937918] pci_bus 0000:00: root bus resource [mem 0x40000000-0xffdfffff window]
[    1.940004] pci_bus 0000:00: root bus resource [bus 00-ff]
[    1.944382] pci 0000:00:01.1: legacy IDE quirk: reg 0x10: [io  0x01f0-0x01f7]
[    1.946374] pci 0000:00:01.1: legacy IDE quirk: reg 0x14: [io  0x03f6]
[    1.948007] pci 0000:00:01.1: legacy IDE quirk: reg 0x18: [io  0x0170-0x0177]
[    1.949613] pci 0000:00:01.1: legacy IDE quirk: reg 0x1c: [io  0x0376]
[    1.991447] pci 0000:00:07.0: quirk: [io  0x4000-0x403f] claimed by PIIX4 ACPI
[    1.992033] pci 0000:00:07.0: quirk: [io  0x4100-0x410f] claimed by PIIX4 SMB
[    2.013503] ACPI: PCI Interrupt Link [LNKA] (IRQs 5 9 10 *11)
[    2.032259] ACPI: PCI Interrupt Link [LNKB] (IRQs 5 9 10 *11)
[    2.036793] ACPI: PCI Interrupt Link [LNKC] (IRQs 5 9 *10 11)
[    2.038458] ACPI: PCI Interrupt Link [LNKD] (IRQs 5 *9 10 11)
[    2.040846] ACPI: Enabled 2 GPEs in block 00 to 07
[    2.044243] vgaarb: setting as boot device: PCI:0000:00:02.0
[    2.045351] vgaarb: device added: PCI:0000:00:02.0,decodes=io+mem,owns=io+mem,locks=none
[    2.048008] vgaarb: loaded
[    2.048781] vgaarb: bridge control possible 0000:00:02.0
[    2.050353] SCSI subsystem initialized
[    2.052140] ACPI: bus type USB registered
[    2.056037] usbcore: registered new interface driver usbfs
[    2.057339] usbcore: registered new interface driver hub
[    2.060032] usbcore: registered new device driver usb
[    2.064244] PCI: Using ACPI for IRQ routing
[    2.065739] NetLabel: Initializing
[    2.066654] NetLabel:  domain hash size = 128
[    2.068014] NetLabel:  protocols = UNLABELED CIPSOv4
[    2.069248] NetLabel:  unlabeled traffic allowed by default
[    2.072134] amd_nb: Cannot enumerate AMD northbridges
[    2.073549] clocksource: Switched to clocksource kvm-clock
[    2.084170] AppArmor: AppArmor Filesystem Enabled
[    2.143580] pnp: PnP ACPI init
[    2.150801] pnp: PnP ACPI: found 3 devices
[    2.163992] clocksource: acpi_pm: mask: 0xffffff max_cycles: 0xffffff, max_idle_ns: 2085701024 ns
[    2.172528] NET: Registered protocol family 2
[    2.173913] TCP established hash table entries: 8192 (order: 4, 65536 bytes)
[    2.175667] TCP bind hash table entries: 8192 (order: 5, 131072 bytes)
[    2.177570] TCP: Hash tables configured (established 8192 bind 8192)
[    2.195152] UDP hash table entries: 512 (order: 2, 16384 bytes)
[    2.196535] UDP-Lite hash table entries: 512 (order: 2, 16384 bytes)
[    2.198053] NET: Registered protocol family 1
[    2.199132] pci 0000:00:00.0: Limiting direct PCI/PCI transfers
[    2.200488] pci 0000:00:01.0: Activating ISA DMA hang workarounds
[    2.203811] Unpacking initramfs...
[    2.482994] Freeing initrd memory: 14828K
[    2.613657] clocksource: tsc: mask: 0xffffffffffffffff max_cycles: 0x2ce38c25b43, max_idle_ns: 440795351205 ns
[    2.737174] platform rtc_cmos: registered platform RTC device (no PNP device found)
[    2.830248] Scanning for low memory corruption every 60 seconds
[    2.833062] audit: initializing netlink subsys (disabled)
[    2.834760] audit: type=2000 audit(1558536570.120:1): initialized
[    2.836674] Initialise system trusted keyring
[    2.839733] HugeTLB registered 2 MB page size, pre-allocated 0 pages
[    3.039507] zbud: loaded
[    3.126115] VFS: Disk quotas dquot_6.6.0
[    3.136955] VFS: Dquot-cache hash table entries: 512 (order 0, 4096 bytes)
[    3.147171] squashfs: version 4.0 (2009/01/31) Phillip Lougher
[    3.150823] fuse init (API version 7.23)
[    3.295212] Key type big_key registered
[    3.412643] Allocating IMA MOK and blacklist keyrings.
[    3.579459] Key type asymmetric registered
[    3.591777] Asymmetric key parser 'x509' registered
[    3.594427] Block layer SCSI generic (bsg) driver version 0.4 loaded (major 249)
[    3.612980] io scheduler noop registered
[    3.614091] io scheduler deadline registered (default)
[    3.615518] io scheduler cfq registered
[    3.617428] pci_hotplug: PCI Hot Plug PCI Core version: 0.5
[    3.619584] pciehp: PCI Express Hot Plug Controller Driver version: 0.4
[    3.626855] ACPI: AC Adapter [AC] (on-line)
[    3.627979] input: Power Button as /devices/LNXSYSTM:00/LNXPWRBN:00/input/input0
[    3.629900] ACPI: Power Button [PWRF]
[    3.630943] input: Sleep Button as /devices/LNXSYSTM:00/LNXSLPBN:00/input/input1
[    3.632918] ACPI: Sleep Button [SLPF]
[    3.634088] GHES: HEST is not enabled!
[    3.635434] Serial: 8250/16550 driver, 32 ports, IRQ sharing enabled
[    3.668818] 00:02: ttyS0 at I/O 0x3f8 (irq = 4, base_baud = 115200) is a 16550A
[    3.673834] Linux agpgart interface v0.103
[    3.683545] loop: module loaded
[    3.691460] scsi host0: ata_piix
[    3.705325] scsi host1: ata_piix
[    3.719053] ata1: PATA max UDMA/33 cmd 0x1f0 ctl 0x3f6 bmdma 0xd000 irq 14
[    3.749052] ata2: PATA max UDMA/33 cmd 0x170 ctl 0x376 bmdma 0xd008 irq 15
[    3.981387] libphy: Fixed MDIO Bus: probed
[    4.152083] tun: Universal TUN/TAP device driver, 1.6
[    4.370652] tun: (C) 1999-2004 Max Krasnyansky <maxk@qualcomm.com>
[    4.597241] PPP generic driver version 2.4.2
[    4.776067] ehci_hcd: USB 2.0 'Enhanced' Host Controller (EHCI) Driver
[    4.981174] ehci-pci: EHCI PCI platform driver
[    5.100933] ehci-platform: EHCI generic platform driver
[    5.295909] ohci_hcd: USB 1.1 'Open' Host Controller (OHCI) Driver
[    5.495532] ohci-pci: OHCI PCI platform driver
[    5.643228] ohci-platform: OHCI generic platform driver
[    5.823190] uhci_hcd: USB Universal Host Controller Interface driver
[    6.074658] i8042: PNP: PS/2 Controller [PNP0303:PS2K,PNP0f03:PS2M] at 0x60,0x64 irq 1,12
[    6.448175] serio: i8042 KBD port at 0x60,0x64 irq 1
[    6.680460] serio: i8042 AUX port at 0x60,0x64 irq 12
[    6.929807] mousedev: PS/2 mouse device common for all mice
[    7.108127] rtc_cmos rtc_cmos: rtc core: registered rtc_cmos as rtc0
[    7.282144] rtc_cmos rtc_cmos: alarms up to one day, 114 bytes nvram
[    7.282191] input: AT Translated Set 2 keyboard as /devices/platform/i8042/serio0/input/input2
[    7.330212] i2c /dev entries driver
[    7.348850] device-mapper: uevent: version 1.0.3
[    7.350480] device-mapper: ioctl: 4.34.0-ioctl (2015-10-28) initialised: dm-devel@redhat.com
[    7.631781] ledtrig-cpu: registered to indicate activity on CPUs
[    7.818227] NET: Registered protocol family 10
[    7.836546] NET: Registered protocol family 17
[    7.842351] Key type dns_resolver registered
[    7.845641] registered taskstats version 1
[    7.896717] Loading compiled-in X.509 certificates
[    7.899031] Loaded X.509 cert 'Build time autogenerated kernel key: 5103689f9da3e841c6100f8bb032b132cf76e38d'
[    7.921599] zswap: loaded using pool lzo/zbud
[    7.927777] Key type trusted registered
[    7.972597] Key type encrypted registered
[    8.081862] AppArmor: AppArmor sha1 policy hashing enabled
[    8.238076] ima: No TPM chip found, activating TPM-bypass!
[    8.246083] ima: Allocated hash algorithm: sha1
[    8.326551] evm: HMAC attrs: 0x1
[    8.417891]   Magic number: 3:918:839
[    8.435009] rtc_cmos rtc_cmos: setting system clock to 2019-05-22 14:49:33 UTC (1558536573)
[    8.562026] BIOS EDD facility v0.16 2004-Jun-25, 0 devices found
[    8.620786] EDD information not available.
[    8.695807] Freeing unused kernel memory: 1484K
[    8.732229] Write protecting the kernel read-only data: 14336k
[    8.752470] Freeing unused kernel memory: 1620K
[    8.754605] Freeing unused kernel memory: 68K
Loading, please wait...
starting version[    8.819924] random: systemd-udevd: uninitialized urandom read (16 bytes read, 3 bits of entropy available)
 229
[    8.822009] random: udevadm: uninitialized urandom read (16 bytes read, 3 bits of entropy available)
[    8.822046] random: udevadm: uninitialized urandom read (16 bytes read, 3 bits of entropy available)
[    8.838287] random: udevadm: uninitialized urandom read (16 bytes read, 3 bits of entropy available)
[    8.838343] random: udevadm: uninitialized urandom read (16 bytes read, 3 bits of entropy available)
[    8.838510] random: udevadm: uninitialized urandom read (16 bytes read, 3 bits of entropy available)
[    8.838565] random: udevadm: uninitialized urandom read (16 bytes read, 3 bits of entropy available)
[    8.838628] random: udevadm: uninitialized urandom read (16 bytes read, 3 bits of entropy available)
[    8.838681] random: udevadm: uninitialized urandom read (16 bytes read, 3 bits of entropy available)
[    8.838739] random: udevadm: uninitialized urandom read (16 bytes read, 3 bits of entropy available)
[    8.942973] Fusion MPT base driver 3.04.20
[    8.944228] Copyright (c) 1999-2008 LSI Corporation
[    8.963731] Fusion MPT SPI Host driver 3.04.20
[    8.976729] e1000: Intel(R) PRO/1000 Network Driver - version 7.3.21-k8-NAPI
[    8.980374] e1000: Copyright (c) 1999-2006 Intel Corporation.
[    8.982073] mptbase: ioc0: Initiating bringup
[    9.044486] ioc0: LSI53C1030 A0: Capabilities={Initiator}
[    9.185144] input: ImExPS/2 Generic Explorer Mouse as /devices/platform/i8042/serio1/input/input4
[    9.299025] scsi host2: ioc0: LSI53C1030 A0, FwRev=00000000h, Ports=1, MaxQ=256, IRQ=20
[    9.688064] scsi 2:0:0:0: Direct-Access     VBOX     HARDDISK         1.0  PQ: 0 ANSI: 5
[    9.798288] scsi target2:0:0: Beginning Domain Validation
[    9.810919] scsi target2:0:0: Domain Validation skipping write tests
[    9.835596] scsi target2:0:0: Ending Domain Validation
[    9.838212] scsi target2:0:0: asynchronous
[    9.839709] scsi 2:0:1:0: Direct-Access     VBOX     HARDDISK         1.0  PQ: 0 ANSI: 5
[    9.842084] scsi target2:0:1: Beginning Domain Validation
[    9.844196] scsi target2:0:1: Domain Validation skipping write tests
[    9.847461] scsi target2:0:1: Ending Domain Validation
[    9.854356] scsi target2:0:1: asynchronous
[    9.859251] sd 2:0:0:0: [sda] 20971520 512-byte logical blocks: (10.7 GB/10.0 GiB)
[    9.861610] sd 2:0:0:0: Attached scsi generic sg0 type 0
[    9.865125] sd 2:0:0:0: [sda] Write Protect is off
[    9.866575] sd 2:0:0:0: [sda] Incomplete mode parameter data
[    9.868095] sd 2:0:0:0: [sda] Assuming drive cache: write through
[    9.870044] sd 2:0:1:0: [sdb] 20480 512-byte logical blocks: (10.5 MB/10.0 MiB)
[    9.899499] sd 2:0:1:0: Attached scsi generic sg1 type 0
[    9.902490] sd 2:0:1:0: [sdb] Write Protect is off
[    9.903952]  sda: sda1
[    9.905309] sd 2:0:0:0: [sda] Attached SCSI disk
[    9.906904] sd 2:0:1:0: [sdb] Incomplete mode parameter data
[    9.908439] sd 2:0:1:0: [sdb] Assuming drive cache: write through
[    9.912651] sd 2:0:1:0: [sdb] Attached SCSI disk
[   10.180222] e1000 0000:00:03.0 eth0: (PCI:33MHz:32-bit) 02:11:c2:af:aa:45
[   10.353188] e1000 0000:00:03.0 eth0: Intel(R) PRO/1000 Network Connection
[   10.567985] e1000 0000:00:03.0 enp0s3: renamed from eth0
Begin: Loading essential drivers[   12.154620] md: linear personality registered for level -1
 ... [   12.161897] md: multipath personality registered for level -4
[   12.354264] md: raid0 personality registered for level 0
[   12.369914] md: raid1 personality registered for level 1
[   12.456073] raid6: sse2x1   gen()  3201 MB/s
[   12.640090] raid6: sse2x1   xor()  3873 MB/s
[   12.832083] raid6: sse2x2   gen()  5021 MB/s
[   13.024039] raid6: sse2x2   xor()  6304 MB/s
[   13.240071] raid6: sse2x4   gen()  6285 MB/s
[   13.404064] raid6: sse2x4   xor()  3884 MB/s
[   13.534689] raid6: using algorithm sse2x4 gen() 6285 MB/s
[   13.712802] raid6: .... xor() 3884 MB/s, rmw enabled
[   13.833171] raid6: using intx1 recovery algorithm
[   13.949067] xor: measuring software checksum speed
[   14.040063]    prefetch64-sse: 20122.000 MB/sec
[   14.144173]    generic_sse: 36115.000 MB/sec
[   14.187103] xor: using function: generic_sse (36115.000 MB/sec)
[   14.210471] async_tx: api initialized (async)
[   14.237147] md: raid6 personality registered for level 6
[   14.238510] md: raid5 personality registered for level 5
[   14.239766] md: raid4 personality registered for level 4
[   14.255645] md: raid10 personality registered for level 10
done.
Begin: Running /scripts/init-premount ... done.
Begin: Mounting root file system ... Begin: Running /scripts/local-top ... done.
Begin: Running /scripts/local-premount ... [   14.474803] Btrfs loaded
Scanning for Btrfs filesystems
done.
Warning: fsck no[   14.619118] EXT4-fs (sda1): INFO: recovery required on readonly filesystem
t present, so skipping root file system
[   14.667917] EXT4-fs (sda1): write access will be enabled during recovery
[   14.750329] EXT4-fs (sda1): recovery complete
[   14.882484] EXT4-fs (sda1): mounted filesystem with ordered data mode. Opts: (null)
done.
Begin: Running /scripts/local-bottom ... done.
Begin: Running /scripts/init-bottom ... done.
[   15.494793] systemd[1]: systemd 229 running in system mode. (+PAM +AUDIT +SELINUX +IMA +APPARMOR +SMACK +SYSVINIT +UTMP +LIBCRYPTSETUP +GCRYPT +GNUTLS +ACL +XZ -LZ4 +SECCOMP +BLKID +ELFUTILS +KMOD -IDN)
[   16.144571] systemd[1]: Detected virtualization oracle.
[   16.314933] systemd[1]: Detected architecture x86-64.

Welcome to [1mUbuntu 16.04.6 LTS[0m!

[   16.399081] systemd[1]: Set hostname to <ubuntu-xenial>.
[   16.884924] systemd[1]: Listening on Journal Socket.
[[0;32m  OK  [0m] Listening on Journal Socket.
[   17.088833] systemd[1]: Reached target System Time Synchronized.
[[0;32m  OK  [0m] Reached target System Time Synchronized.
[   17.352524] systemd[1]: Listening on LVM2 poll daemon socket.
[[0;32m  OK  [0m] Listening on LVM2 poll daemon socket.
[   17.632933] systemd[1]: Listening on udev Kernel Socket.
[[0;32m  OK  [0m] Listening on udev Kernel Socket.
[   17.940606] systemd[1]: Started Trigger resolvconf update for networkd DNS.
[[0;32m  OK  [0m] Started Trigger resolvconf update for networkd DNS.
[   18.228496] systemd[1]: Reached target Encrypted Volumes.
[[0;32m  OK  [0m] Reached target Encrypted Volumes.
[   18.532820] systemd[1]: Reached target Swap.
[[0;32m  OK  [0m] Reached target Swap.
[   18.724488] systemd[1]: Listening on Device-mapper event daemon FIFOs.
[[0;32m  OK  [0m] Listening on Device-mapper event daemon FIFOs.
[   19.096951] systemd[1]: Created slice System Slice.
[[0;32m  OK  [0m] Created slice System Slice.
[   19.396900] systemd[1]: Starting Nameserver information manager...
[   19.403215] random: nonblocking pool is initialized
         Starting Nameserver information manager...
[   19.424720] systemd[1]: Starting Set console keymap...
         Starting Set console keymap...
[   19.606824] systemd[1]: Starting Remount Root and Kernel File Systems...
         Startin[   19.615817] EXT4-fs (sda1): re-mounted. Opts: (null)
g Remount Root and Kernel File Systems...
[   19.634956] systemd[1]: Created slice system-serial\x2dgetty.slice.
[[0;32m  OK  [0m] Created slice system-serial\x2dgetty.slice.
[   19.637710] systemd[1]: Listening on Syslog Socket.
[[0;32m  OK  [0m] Listening on Syslog Socket.
[   19.647910] systemd[1]: Mounting Huge Pages File System...
         Mounting Huge Pages File System...
[   19.651378] systemd[1]: Listening on /dev/initctl Compatibility Named Pipe.
[[0;32m  OK  [0m] Listening on /dev/initctl Compatibility Named Pipe.
[   19.658755] systemd[1]: Starting Create list of required static device nodes for the current kernel...
         Starting Create list of required st... nodes for the current kernel...
[   19.670244] systemd[1]: Mounting POSIX Message Queue File System...
         Mounting POSIX Message Queue File System...
[   19.673833] systemd[1]: Listening on LVM2 metadata daemon socket.
[[0;32m  OK  [0m] Listening on LVM2 metadata daemon socket.
[   19.678405] systemd[1]: Starting Monitoring of LVM2 mirrors, snapshots etc. using dmeventd or progress polling...
         Starting Monitoring of LVM2 mirrors... dmeventd or progress polling...
[   19.708400] systemd[1]: Created slice User and Session Slice.
[[0;32m  OK  [0m] Created slice User and Session Slice.
[   19.796639] systemd[1]: Reached target Slices.
[[0;32m  OK  [0m] Reached target Slices.
[   19.908524] systemd[1]: Listening on Journal Socket (/dev/log).
[[0;32m  OK  [0m] Listening on Journal Socket (/dev/log).
[   20.065624] systemd[1]: Set up automount Arbitrary Executable File Formats File System Automount Point.
[[0;32m  OK  [0m] Set up automount Arbitrary Executab...ats File System Automount Point.
[   20.232394] systemd[1]: Mounting Debug File System...
         Mounting Debug File System...
[   20.460956] systemd[1]: Reached target User and Group Name Lookups.
[[0;32m  OK  [0m] Reached target User and Group Name Lookups.
[   20.465787] systemd[1]: Started Forward Password Requests to Wall Directory Watch.
[[0;32m  OK  [0m] Started Forward Password Requests to Wall Directory Watch.
[   20.580604] systemd[1]: Starting Load Kernel Modules...
         Starting Load Kernel Modules...[   20.652457] Loading iSCSI transport class v2.0-870.

[   20.808038] systemd[1]: Listening on udev Control Socket.
[[0;32m  OK  [0m] Listening on udev Control Socket.
[   20.892611] systemd[1]: Starting Uncomplicated firewall...
         Starting Uncomplicated firewall...
[   20.899124] systemd[1]: Listening on Journal Audit Socket.
[[0;32m  OK  [0m] Listening on Journal Audit Socket.
[   20.904333] systemd[1]: Starting Journal Service...
         Starting Journal Service...
[   20.905583] systemd[1]: Mounted Debug File System.
[[0;32m  OK  [0m] Mounted Debug File System.
[   20.911461] systemd[1]: Mounted POSIX Message Queue File System.
[[0;32m  OK  [0m] Mounted POSIX Message Queue File System.
[   20.914711] systemd[1]: Mounted Huge Pages File System.
[[0;32m  OK  [0m] Mounted Huge Pages File System.
[   20.919474] systemd[1]: Started Set console keymap.
[[0;32m  OK  [0m] Started Set console keymap.
[   20.932770] iscsi: registered transport (tcp)
[   20.936447] systemd[1]: Started Remount Root and Kernel File Systems.
[[0;32m  OK  [0m] Started Remount Root and Kernel File Systems.
[   21.255313] systemd[1]: Started Create list of required static device nodes for the current kernel.
[[0;32m  OK  [0m] Started Crea[   21.431008] iscsi: registered transport (iser)
te list of required sta...ce nodes for the current kernel.
[   21.553816] systemd[1]: Started Load Kernel Modules.
[[0;32m  OK  [0m] Started Load Kernel Modules.
[   21.729423] systemd[1]: Started Uncomplicated firewall.
[[0;32m  OK  [0m] Started Uncomplicated firewall.
[   21.800922] systemd[1]: Started Nameserver information manager.
[[0;32m  OK  [0m] Started Nameserver information manager.
[   22.037507] systemd[1]: Started Journal Service.
[[0;32m  OK  [0m] Started Journal Service.
[[0;32m  OK  [0m] Started LVM2 metadata daemon.
         Mounting FUSE Control File System...
         Starting Apply Kernel Variables...
         Starting Create Static Device Nodes in /dev...
         Starting Flush Journal to Persistent Storage...
         Starting udev Coldplug all Devices...
         Starting Load/Save Random Seed...
[[0;32m  OK  [0m] Mounted FUSE Control File System.
[[0;32m  OK  [0m] Started Monitoring of LVM2 mirrors,...ng dmeventd or progress polling.
[[0;32m  OK  [0m] Started Apply Kernel Variables.
[[0;32m  OK  [0m] Started Create Static Device Nodes in /dev.
[[0;32m  OK  [0m] Started Load/Save Random Seed.
[[0;32m  OK  [0m] Started Flush Journal to Persistent Storage.
[[0;32m  OK  [0m] Started udev Coldplug all Devices.
         Starting udev Kernel Device Manager...
[[0;32m  OK  [0m] Reached target Local File Systems (Pre).
[[0;32m  OK  [0m] Reached target Local File Systems.
         Starting Tell Plymouth To Write Out Runtime Data...
         Starting Initial cloud-init job (pre-networking)...
         Starting LSB: AppArmor initialization...
         Starting Set console font and keymap...
         Starting Create Volatile Files and Directories...
[[0;32m  OK  [0m] Started udev Kernel Device Manager.
[[0;32m  OK  [0m] Started Tell Plymouth To Write Out Runtime Data.
[[0;32m  OK  [0m] Started Create Volatile Files and Directories.
         Starting Update UTMP about System Boot/Shutdown...
[[0;32m  OK  [0m] Started Dispatch Password Requests to Console Directory Watch.
[[0;32m  OK  [0m] Started Update UTMP about System Boot/Shutdown.
[[0;32m  OK  [0m] Found device /dev/ttyS0.
[[0;32m  OK  [0m] Listening on Load/Save RF Kill Switch Status /dev/rfkill Watch.
[[0;32m  OK  [0m] Started LSB: AppArmor initialization.
[[0;32m  OK  [0m] Found device 82540EM Gigabit Ethern...r (PRO/1000 MT Desktop Adapter).
[[0;32m  OK  [0m] Started Set console font and keymap.
[[0;32m  OK  [0m] Created slice system-getty.slice.
[   26.590235] cloud-init[492]: Cloud-init v. 18.5-45-g3554ffe8-0ubuntu1~16.04.1 running 'init-local' at Wed, 22 May 2019 14:49:51 +0000. Up 26.08 seconds.
[[0;32m  OK  [0m] Started Initial cloud-init job (pre-networking).
[[0;32m  OK  [0m] Reached target Network (Pre).
[[0;32m  OK  [0m] Started ifup for enp0s3.
         Starting Raise network interfaces...
[[0;32m  OK  [0m] Started Raise network interfaces.
         Starting Initial cloud-init job (metadata service crawler)...
[[0;32m  OK  [0m] Reached target Network.
[   28.367893] cloud-init[1117]: Cloud-init v. 18.5-45-g3554ffe8-0ubuntu1~16.04.1 running 'init' at Wed, 22 May 2019 14:49:52 +0000. Up 27.82 seconds.
[[0;32m  OK  [0m] Started Initial cloud-init job (metadata service crawler).
[   28.504752] cloud-init[1117]: ci-info: ++++++++++++++++++++++++++++++++++++++Net device info++++++++++++++++++++++++++++++++++++++[[0;32m  OK  [0m] Reached target Cloud-config availability.

[[0;32m  OK  [0m] Reached target Network is Online.
[   28.509192] cloud-init[1117]: ci-info: +--------+------+----------------------------+---------------+--------+-------------------+
[   28.581015] cloud-init[1117]: ci-info: | Device |  Up  |          Address           |      Mask     | Scope  |     Hw-Address    |
         Starting iSCSI initiator daemon (iscsid)...
[[0;32m  OK  [0m] Reached target System Initialization.
[   28.621931] cloud-init[1117]: ci-info: +--------+------+----------------------------+---------------+--------+-------------------+
         Starting LXD - unix socket.
[[0;32m  OK  [0m] Started Daily Cleanup of Temporary Directories.
[   28.662020] cloud-init[1117]: ci-info: | enp0s3 | True |       192.168.0.101        | 255.255.255.0 | global | 02:11:c2:af:aa:45 |
         Starting Docker Socket for the API.
[   28.972968] cloud-init[1117]: ci-info: | enp0s3 | True | fe80::11:c2ff:feaf:aa45/64 |       .       |  link  | 02:11:c2:af:aa:45 |
[   29.153250] cloud-init[1117]: ci-info: |   lo   | True |         127.0.0.1          |   255.0.0.0   |  host  |         .         |
[   29.292569] cloud-init[1117]: ci-info: |   lo   | True |          ::1/128           |       .       |  host  |         .         |
[   29.457056] [cloud-init[0;32m  OK  [0m[1117]: ] ci-info: +--------+------+----------------------------+---------------+--------+-------------------+Started Daily apt download activities.

[[0;32m  OK  [0m] Listening on UUID daemon activation socket.
         Starting Socket activation for snappy daemon.
[[0;32m  OK  [0m[   29.458148] ] cloud-initListening on ACPID Listen Socket.[1117]: 
ci-info: +++++++++++++++++++++++++++++Route IPv4 info+++++++++++++++++++++++++++++
[   29.993093] cloud-init[1117]: ci-info: +-------+-------------+-------------+---------------+-----------+-------+
[[0;32m  OK  [0m] Started ACPI Events Check.
[[0;32m  OK  [0m[   29.994065] ] cloud-initReached target Paths.[1117]: 
ci-info: | Route | Destination |   Gateway   |    Genmask    | Interface | Flags |
[   30.309141] cloud-init[1117]: ci-info: +-------+-------------+-------------+---------------+-----------+-------+
[[0;32m  OK  [0m] Started Daily apt upgrade and clean activities.
[[0;32m  OK  [0m] Reached target Timers.
[[   30.312639] cloud-init[1117]: ci-info: |   0   |   0.0.0.0   | 192.168.0.1 |    0.0.0.0    |   enp0s3  |   UG  |
[0;32m  OK  [0m] Listening on D-Bus System Message Bus Socket.
[   30.633118] cloud-init[1117]: ci-info: |   1   | 192.168.0.0 |   0.0.0.0   | 255.255.255.0 |   enp0s3  |   U   |
[   30.960502] cloud-init[1117]: ci-info: +-------+-------------+-------------+---------------+-----------+-------+
[   30.960865] cloud-init[1117]: ci-info: +++++++++++++++++++Route IPv6 info+++++++++++++++++++
[[0;32m  OK  [0m] Listening on LXD - unix socket.
[[   30.960983] cloud-init[1117]: ci-info: +-------+-------------+---------+-----------+-------+
[0;32m  OK  [0m] Listening on Docker Socket for the API.
[   31.440989] cloud-init[1117]: ci-info: | Route | Destination | Gateway | Interface | Flags |
[   31.441759] cloud-init[1117]: ci-info: +-------+-------------+---------+-----------+-------+
[[0;32m  OK  [0m] Listening on Socket activation for snappy daemon.
[[   31.442033] cloud-init[1117]: ci-info: |   0   |  fe80::/64  |    ::   |   enp0s3  |   U   |
[0;32m  OK  [0m] Started iSCSI initiator daemon (iscsid).
[   31.888574] cloud-init[1117]: ci-info: |   3   |   ff00::/8  |    ::   |   enp0s3  |   U   |
[   31.889845] cloud-init[1117]: ci-info: +-------+-------------+---------+-----------+-------+
         Starting Login to default iSCSI targets...
[[0;32m  OK  [0m] Reached target Sockets.
[[0;32m  OK  [0m] Reached target Basic System.
         Starting Docker Application Container Engine...
[[0;32m  OK  [0m] Started D-Bus System Message Bus.
[[0;32m  OK  [0m] Started Unattended Upgrades Shutdown.
[[0;32m  OK  [0m] Started ACPI event daemon.
         Starting System Logging Service...
[[0;32m  OK  [0m] Started FUSE filesystem for LXC.
         Starting Login Service...
         Starting LSB: MD monitoring daemon...
[[0;32m  OK  [0m] Started Regular background program processing daemon.
         Starting Accounts Service...
         Starting LXD - container startup/shutdown...
         Starting LSB: Record successful boot for GRUB...
         Starting /etc/rc.local Compatibility...
         Starting Virtualbox guest utils...
         Starting Ubuntu FAN network setup...
         Starting Snappy daemon...
         Starting OpenBSD Secure Shell server...
[[0;32m  OK  [0m] Started Deferred execution scheduler.
[[0;32m  OK  [0m] Started System Logging Service.
[[0;32m  OK  [0m] Started /etc/rc.local Compatibility.
[[0;32m  OK  [0m] Started Ubuntu FAN network setup.
[[0;32m  OK  [0m] Started Login to default iSCSI targets.
[[0;32m  OK  [0m] Started LSB: MD monitoring daemon.
[[0;32m  OK  [0m] Started OpenBSD Secure Shell server.
[[0;32m  OK  [0m] Started LSB: Record successful boot for GRUB.
[[0;32m  OK  [0m] Started Login Service.
         Starting Authenticate and Authorize Users to Run Privileged Tasks...
[[0;32m  OK  [0m] Reached target Remote File Systems (Pre).
[[0;32m  OK  [0m] Reached target Remote File Systems.
         Starting LSB: Set the CPU Frequency Scaling governor to "ondemand"...
         Starting LSB: Set up cgroupfs mounts....
         Starting LSB: automatic crash report generation...
         Starting Permit User Sessions...
         Starting LSB: daemon to balance interrupts for SMP systems...
[[0;32m  OK  [0m] Started Snappy daemon.
[[0;32m  OK  [0m] Started LXD - container startup/shutdown.
[[0;32m  OK  [0m] Started Virtualbox guest utils.
[[0;32m  OK  [0m] Started LSB: Set up cgroupfs mounts..
[[0;32m  OK  [0m] Started Permit User Sessions.
[[0;32m  OK  [0m] Started Authenticate and Authorize Users to Run Privileged Tasks.
[[0;32m  OK  [0m] Started Accounts Service.
[[0;32m  OK  [0m] Started LSB: Set the CPU Frequency Scaling governor to "ondemand".
         Starting Terminate Plymouth Boot Screen...
         Starting Hold until boot process finishes up...
         Starting Wait until snapd is fully seeded...
[[0;32m  OK  [0m] Started LSB: automatic crash report generation.
[[0;32m  OK  [0m] Started LSB: daemon to balance interrupts for SMP systems.
[[0;32m  OK  [0m] Started Terminate Plymouth Boot Screen.
[[0;32m  OK  [0m] Started Hold until boot process finishes up.
[[0;32m  OK  [0m] Started Wait until snapd is fully seeded.
         Starting Apply the settings specified in cloud-config...
[[0;32m  OK  [0m] Started Getty on tty1.
         Starting Set console scheme...
[[0;32m  OK  [0m] Started Serial Getty on ttyS0.
[[0;32m  OK  [0m] Reached target Login Prompts.
[[0;32m  OK  [0m] Started Set console scheme.
[   34.652181] cloud-init[1382]: Cloud-init v. 18.5-45-g3554ffe8-0ubuntu1~16.04.1 running 'modules:config' at Wed, 22 May 2019 14:49:59 +0000. Up 34.42 seconds.
[[0;32m  OK  [0m] Started Apply the settings specified in cloud-config.
[[0;32m  OK  [0m] Started Docker Application Container Engine.
[[0;32m  OK  [0m] Reached target Multi-User System.
[[0;32m  OK  [0m] Reached target Graphical Interface.
         Starting Update UTMP about System Runlevel Changes...
         Starting Execute cloud user/final scripts...
[[0;32m  OK  [0m] Started Update UTMP about System Runlevel Changes.
[   35.745149] cloud-init[1594]: Cloud-init v. 18.5-45-g3554ffe8-0ubuntu1~16.04.1 running 'modules:final' at Wed, 22 May 2019 14:50:00 +0000. Up 35.56 seconds.
[[0;32m  OK  [0m[   35.904812] cloud-init[1594]: Cloud-init v. 18.5-45-g3554ffe8-0ubuntu1~16.04.1 finished at Wed, 22 May 2019 14:50:00 +0000. Datasource DataSourceNoCloud [seed=/dev/sdb][dsmode=net].  Up 35.73 seconds
] Started Execute cloud user/final scripts.
[[0;32m  OK  [0m] Reached target Cloud-init target.

Ubuntu 16.04.6 LTS ubuntu-xenial ttyS0

ubuntu-xenial login: 